#
# A fatal error has been detected by the Java Runtime Environment:
#
#  EXCEPTION_ACCESS_VIOLATION (0xc0000005) at pc=0x000000018000524b, pid=9492, tid=0x0000000000002078
#
# JRE version: Java(TM) SE Runtime Environment (8.0_221-b11) (build 1.8.0_221-b11)
# Java VM: Java HotSpot(TM) 64-Bit Server VM (25.221-b11 mixed mode windows-amd64 compressed oops)
# Problematic frame:
# C  [rxtxSerial.dll+0x524b]
#
# Failed to write core dump. Minidumps are not enabled by default on client versions of Windows
#
# If you would like to submit a bug report, please visit:
#   http://bugreport.java.com/bugreport/crash.jsp
# The crash happened outside the Java Virtual Machine in native code.
# See problematic frame for where to report the bug.
#

---------------  T H R E A D  ---------------

Current thread (0x000000001ee46000):  JavaThread "Thread-1" [_thread_in_native, id=8312, stack(0x000000001ea70000,0x000000001eb70000)]

siginfo: ExceptionCode=0xc0000005, writing address 0x000000001ea1f0e8

Registers:
RAX=0x000000001ea662b0, RBX=0x0000000000000001, RCX=0x886597506f5e0000, RDX=0x0000000000000000
RSP=0x000000001eb6eb90, RBP=0x000000001ee461f8, RSI=0x0000000000000007, RDI=0x0000000000000000
R8 =0x0000000000dfff20, R9 =0x0000000180000000, R10=0x0000000000000019, R11=0x0000000000d92e10
R12=0x000000001ea1f0e0, R13=0x000000001eb6ed48, R14=0x0000000000000000, R15=0x00000000ffffffff
RIP=0x000000018000524b, EFLAGS=0x0000000000010206

Top of Stack: (sp=0x000000001eb6eb90)
0x000000001eb6eb90:   000000001eb6ec70 0000000000000000
0x000000001eb6eba0:   0000000000000000 0000000000000000
0x000000001eb6ebb0:   000000001eb6ec49 0000000000000001
0x000000001eb6ebc0:   000000001ee37890 000000001ee46000
0x000000001eb6ebd0:   0000000000000017 000000001eb6ec40
0x000000001eb6ebe0:   0000000000000000 0000000700000000
0x000000001eb6ebf0:   0000000000000000 000000001ee46000
0x000000001eb6ec00:   00008399eb93c981 000000001c08c380
0x000000001eb6ec10:   000000001ee46000 0000000000000000
0x000000001eb6ec20:   000000001eb6ed48 0000000000000000
0x000000001eb6ec30:   00000007c0063c60 000000076bfb6970
0x000000001eb6ec40:   000000001eb6ecb0 0000000002f94439
0x000000001eb6ec50:   0000000002f94780 00000000626876a0
0x000000001eb6ec60:   0000000020049448 0000000020044e60
0x000000001eb6ec70:   000000076bfb6970 0000000000000000
0x000000001eb6ec80:   000000001eb6ecb0 000000001eb6ecb0 

Instructions: (pc=0x000000018000524b)
0x000000018000522b:   c4 80 00 00 00 41 5f 41 5e 41 5d 41 5c 5f 5e 5d
0x000000018000523b:   c3 e8 3b 55 00 00 83 38 04 74 05 e8 31 55 00 00
0x000000018000524b:   45 89 74 24 08 e9 78 ff ff ff 4c 8d 0d 4c 79 01
0x000000018000525b:   00 48 8d 15 9d 82 01 00 48 8d 4c 24 30 4c 8b c7 


Register to memory mapping:

RAX=0x000000001ea662b0 is an unknown value
RBX=0x0000000000000001 is an unknown value
RCX=0x886597506f5e0000 is an unknown value
RDX=0x0000000000000000 is an unknown value
RSP=0x000000001eb6eb90 is pointing into the stack for thread: 0x000000001ee46000
RBP=0x000000001ee461f8 is an unknown value
RSI=0x0000000000000007 is an unknown value
RDI=0x0000000000000000 is an unknown value
R8 =0x0000000000dfff20 is an unknown value
R9 =0x0000000180000000 is an unknown value
R10=0x0000000000000019 is an unknown value
R11=0x0000000000d92e10 is an unknown value
R12=0x000000001ea1f0e0 is an unknown value
R13=0x000000001eb6ed48 is pointing into the stack for thread: 0x000000001ee46000
R14=0x0000000000000000 is an unknown value
R15=0x00000000ffffffff is an unknown value


Stack: [0x000000001ea70000,0x000000001eb70000],  sp=0x000000001eb6eb90,  free space=1018k
Native frames: (J=compiled Java code, j=interpreted, Vv=VM code, C=native code)
C  [rxtxSerial.dll+0x524b]
C  0x0000000002f94439

Java frames: (J=compiled Java code, j=interpreted, Vv=VM code)
J 811  gnu.io.RXTXPort.readByte()I (0 bytes) @ 0x0000000002f943bb [0x0000000002f94380+0x3b]
J 810 C1 gnu.io.RXTXPort$SerialInputStream.read()I (98 bytes) @ 0x0000000002f94c5c [0x0000000002f94760+0x4fc]
j  rxtx.ComSer$1.run()V+7
j  java.lang.Thread.run()V+11
v  ~StubRoutines::call_stub

---------------  P R O C E S S  ---------------

Java Threads: ( => current thread )
  0x000000001ee5e000 JavaThread "TimerQueue" daemon [_thread_blocked, id=9576, stack(0x00000000209f0000,0x0000000020af0000)]
=>0x000000001ee46000 JavaThread "Thread-1" [_thread_in_native, id=8312, stack(0x000000001ea70000,0x000000001eb70000)]
  0x00000000011ad800 JavaThread "DestroyJavaVM" [_thread_blocked, id=8152, stack(0x0000000002aa0000,0x0000000002ba0000)]
  0x000000001df98000 JavaThread "AWT-EventQueue-0" [_thread_blocked, id=1612, stack(0x000000001ec10000,0x000000001ed10000)]
  0x000000001df37000 JavaThread "AWT-Windows" daemon [_thread_in_native, id=2384, stack(0x000000001e580000,0x000000001e680000)]
  0x000000001df91000 JavaThread "AWT-Shutdown" [_thread_blocked, id=10320, stack(0x000000001e480000,0x000000001e580000)]
  0x000000001df8c000 JavaThread "Java2D Disposer" daemon [_thread_blocked, id=5468, stack(0x000000001e380000,0x000000001e480000)]
  0x000000001c2ed000 JavaThread "Service Thread" daemon [_thread_blocked, id=10744, stack(0x000000001e010000,0x000000001e110000)]
  0x000000001c2e5800 JavaThread "C1 CompilerThread2" daemon [_thread_blocked, id=4672, stack(0x000000001db10000,0x000000001dc10000)]
  0x000000001c2e1800 JavaThread "C2 CompilerThread1" daemon [_thread_blocked, id=6888, stack(0x000000001da10000,0x000000001db10000)]
  0x000000001c297800 JavaThread "C2 CompilerThread0" daemon [_thread_blocked, id=1536, stack(0x000000001d910000,0x000000001da10000)]
  0x000000001c294000 JavaThread "Attach Listener" daemon [_thread_blocked, id=10872, stack(0x000000001d810000,0x000000001d910000)]
  0x000000001c293000 JavaThread "Signal Dispatcher" daemon [_thread_blocked, id=5300, stack(0x000000001d710000,0x000000001d810000)]
  0x0000000002c9c000 JavaThread "Finalizer" daemon [_thread_blocked, id=7660, stack(0x000000001d4e0000,0x000000001d5e0000)]
  0x0000000002c93000 JavaThread "Reference Handler" daemon [_thread_blocked, id=7608, stack(0x000000001d3e0000,0x000000001d4e0000)]

Other Threads:
  0x000000001c258000 VMThread [stack: 0x000000001d2e0000,0x000000001d3e0000] [id=5388]
  0x000000001c2ed800 WatcherThread [stack: 0x000000001e280000,0x000000001e380000] [id=4588]

VM state:not at safepoint (normal execution)

VM Mutex/Monitor currently owned by a thread: None

heap address: 0x00000006c2000000, size: 4064 MB, Compressed Oops mode: Zero based, Oop shift amount: 3
Narrow klass base: 0x0000000000000000, Narrow klass shift: 3
Compressed class space size: 1073741824 Address: 0x00000007c0000000

Heap:
 PSYoungGen      total 75776K, used 19745K [0x000000076b580000, 0x0000000770a00000, 0x00000007c0000000)
  eden space 65024K, 30% used [0x000000076b580000,0x000000076c8c8780,0x000000076f500000)
  from space 10752K, 0% used [0x000000076ff80000,0x000000076ff80000,0x0000000770a00000)
  to   space 10752K, 0% used [0x000000076f500000,0x000000076f500000,0x000000076ff80000)
 ParOldGen       total 173568K, used 0K [0x00000006c2000000, 0x00000006cc980000, 0x000000076b580000)
  object space 173568K, 0% used [0x00000006c2000000,0x00000006c2000000,0x00000006cc980000)
 Metaspace       used 12680K, capacity 12876K, committed 13056K, reserved 1060864K
  class space    used 1601K, capacity 1670K, committed 1792K, reserved 1048576K

Card table byte_map: [0x0000000012060000,0x0000000012860000] byte_map_base: 0x000000000ea50000

Marking Bits: (ParMarkBitMap*) 0x00000000626a5ce0
 Begin Bits: [0x00000000131b0000, 0x0000000017130000)
 End Bits:   [0x0000000017130000, 0x000000001b0b0000)

Polling page: 0x0000000002a60000

CodeCache: size=245760Kb used=4125Kb max_used=4125Kb free=241634Kb
 bounds [0x0000000002ca0000, 0x00000000030b0000, 0x0000000011ca0000]
 total_blobs=1680 nmethods=1194 adapters=398
 compilation: enabled

Compilation events (10 events):
Event: 58.713 Thread 0x000000001c2e5800 1184       3       java.util.Collections::emptyList (4 bytes)
Event: 58.713 Thread 0x000000001c2e5800 nmethod 1184 0x00000000030a4710 code [0x00000000030a4860, 0x00000000030a4990]
Event: 58.713 Thread 0x000000001c2e5800 1185       3       sun.util.locale.ParseStatus::isError (13 bytes)
Event: 58.713 Thread 0x000000001c2e5800 nmethod 1185 0x00000000030a6ed0 code [0x00000000030a7020, 0x00000000030a71d0]
Event: 58.713 Thread 0x000000001c2e5800 1186       1       sun.util.locale.StringTokenIterator::currentEnd (5 bytes)
Event: 58.713 Thread 0x000000001c2e5800 nmethod 1186 0x00000000030a6c10 code [0x00000000030a6d60, 0x00000000030a6e70]
Event: 58.713 Thread 0x000000001c2e5800 1187  s    3       javax.swing.RepaintManager::getPaintManager (107 bytes)
Event: 58.714 Thread 0x000000001c2e5800 nmethod 1187 0x00000000030a7b50 code [0x00000000030a7d60, 0x00000000030a8978]
Event: 58.714 Thread 0x000000001c2e5800 1188       1       sun.java2d.SurfaceData::getDisposerReferent (5 bytes)
Event: 58.714 Thread 0x000000001c2e5800 nmethod 1188 0x00000000030a7890 code [0x00000000030a79e0, 0x00000000030a7af0]

GC Heap History (0 events):
No events

Deoptimization events (7 events):
Event: 0.640 Thread 0x00000000011ad800 Uncommon trap: reason=null_check action=make_not_entrant pc=0x0000000002e220bc method=java.lang.String.equals(Ljava/lang/Object;)Z @ 8
Event: 0.996 Thread 0x000000001df98000 Uncommon trap: reason=unstable_if action=reinterpret pc=0x0000000002e82b14 method=java.util.HashMap.getNode(ILjava/lang/Object;)Ljava/util/HashMap$Node; @ 84
Event: 15.996 Thread 0x000000001df98000 Uncommon trap: reason=unstable_if action=reinterpret pc=0x0000000002ed6c94 method=java.awt.MultipleGradientPaintContext.indexIntoGradientsArrays(F)I @ 13
Event: 16.687 Thread 0x000000001df98000 Uncommon trap: reason=class_check action=maybe_recompile pc=0x0000000002e37910 method=java.lang.String.equals(Ljava/lang/Object;)Z @ 8
Event: 16.688 Thread 0x000000001df98000 Uncommon trap: reason=class_check action=maybe_recompile pc=0x0000000002e37910 method=java.lang.String.equals(Ljava/lang/Object;)Z @ 8
Event: 22.378 Thread 0x000000001df98000 Uncommon trap: reason=class_check action=maybe_recompile pc=0x0000000002e37910 method=java.lang.String.equals(Ljava/lang/Object;)Z @ 8
Event: 22.378 Thread 0x000000001df98000 Uncommon trap: reason=class_check action=maybe_recompile pc=0x0000000002e37910 method=java.lang.String.equals(Ljava/lang/Object;)Z @ 8

Classes redefined (0 events):
No events

Internal exceptions (10 events):
Event: 0.803 Thread 0x00000000011ad800 Exception <a 'java/lang/ClassNotFoundException': ToolTip> (0x000000076bac69d8) thrown at [C:\re\workspace\8-2-build-windows-amd64-cygwin\jdk8u221\13320\hotspot\src\share\vm\classfile\systemDictionary.cpp, line 210]
Event: 0.807 Thread 0x00000000011ad800 Exception <a 'java/lang/ClassNotFoundException': Tree> (0x000000076bac75f8) thrown at [C:\re\workspace\8-2-build-windows-amd64-cygwin\jdk8u221\13320\hotspot\src\share\vm\classfile\systemDictionary.cpp, line 210]
Event: 0.807 Thread 0x00000000011ad800 Exception <a 'java/lang/ClassNotFoundException': Tree> (0x000000076bac7d38) thrown at [C:\re\workspace\8-2-build-windows-amd64-cygwin\jdk8u221\13320\hotspot\src\share\vm\classfile\systemDictionary.cpp, line 210]
Event: 0.807 Thread 0x00000000011ad800 Exception <a 'java/lang/ClassNotFoundException': javax/swing/JTreeCell> (0x000000076bac80b8) thrown at [C:\re\workspace\8-2-build-windows-amd64-cygwin\jdk8u221\13320\hotspot\src\share\vm\classfile\systemDictionary.cpp, line 210]
Event: 0.807 Thread 0x00000000011ad800 Exception <a 'java/lang/ClassNotFoundException': TreeCell> (0x000000076bac8540) thrown at [C:\re\workspace\8-2-build-windows-amd64-cygwin\jdk8u221\13320\hotspot\src\share\vm\classfile\systemDictionary.cpp, line 210]
Event: 0.810 Thread 0x00000000011ad800 Exception <a 'java/lang/ClassNotFoundException': RootPane> (0x000000076bac8fa0) thrown at [C:\re\workspace\8-2-build-windows-amd64-cygwin\jdk8u221\13320\hotspot\src\share\vm\classfile\systemDictionary.cpp, line 210]
Event: 4.959 Thread 0x000000001df98000 Exception <a 'java/io/FileNotFoundException'> (0x000000076bf51810) thrown at [C:\re\workspace\8-2-build-windows-amd64-cygwin\jdk8u221\13320\hotspot\src\share\vm\prims\jni.cpp, line 710]
Event: 4.976 Thread 0x000000001df98000 Exception <a 'java/io/FileNotFoundException'> (0x000000076bf6b390) thrown at [C:\re\workspace\8-2-build-windows-amd64-cygwin\jdk8u221\13320\hotspot\src\share\vm\prims\jni.cpp, line 710]
Event: 4.978 Thread 0x000000001df98000 Exception <a 'java/io/FileNotFoundException'> (0x000000076bf7cfb8) thrown at [C:\re\workspace\8-2-build-windows-amd64-cygwin\jdk8u221\13320\hotspot\src\share\vm\prims\jni.cpp, line 710]
Event: 4.992 Thread 0x000000001df98000 Exception <a 'java/io/FileNotFoundException'> (0x000000076bf96608) thrown at [C:\re\workspace\8-2-build-windows-amd64-cygwin\jdk8u221\13320\hotspot\src\share\vm\prims\jni.cpp, line 710]

Events (10 events):
Event: 22.378 Thread 0x000000001df98000 DEOPT PACKING pc=0x0000000002e37910 sp=0x000000001ed0caa0
Event: 22.378 Thread 0x000000001df98000 DEOPT UNPACKING pc=0x0000000002ce583b sp=0x000000001ed0ca20 mode 2
Event: 22.378 Thread 0x000000001df98000 Uncommon trap: trap_request=0xffffffde fr.pc=0x0000000002e37910
Event: 22.378 Thread 0x000000001df98000 DEOPT PACKING pc=0x0000000002e37910 sp=0x000000001ed0caa0
Event: 22.378 Thread 0x000000001df98000 DEOPT UNPACKING pc=0x0000000002ce583b sp=0x000000001ed0ca20 mode 2
Event: 22.378 loading class javax/swing/text/GapContent$RemoveUndo
Event: 22.378 loading class javax/swing/text/GapContent$RemoveUndo done
Event: 22.379 loading class javax/swing/text/GapContent$UndoPosRef
Event: 22.379 loading class javax/swing/text/GapContent$UndoPosRef done
Event: 59.321 Thread 0x000000001ee45800 Thread exited: 0x000000001ee45800


Dynamic libraries:
0x00007ff6b37e0000 - 0x00007ff6b3817000 	C:\Program Files\Java\jdk1.8.0_221\bin\java.exe
0x00007ffeb2600000 - 0x00007ffeb27f0000 	C:\Windows\SYSTEM32\ntdll.dll
0x00007ffeb1ad0000 - 0x00007ffeb1b82000 	C:\Windows\System32\KERNEL32.DLL
0x00007ffeb0400000 - 0x00007ffeb06a3000 	C:\Windows\System32\KERNELBASE.dll
0x00007ffeb0910000 - 0x00007ffeb09b3000 	C:\Windows\System32\ADVAPI32.dll
0x00007ffeb1b90000 - 0x00007ffeb1c2e000 	C:\Windows\System32\msvcrt.dll
0x00007ffeb0800000 - 0x00007ffeb0897000 	C:\Windows\System32\sechost.dll
0x00007ffeb1c30000 - 0x00007ffeb1d50000 	C:\Windows\System32\RPCRT4.dll
0x00007ffeb2420000 - 0x00007ffeb25b3000 	C:\Windows\System32\USER32.dll
0x00007ffeaf800000 - 0x00007ffeaf821000 	C:\Windows\System32\win32u.dll
0x00007ffeb09d0000 - 0x00007ffeb09f6000 	C:\Windows\System32\GDI32.dll
0x00007ffeaf910000 - 0x00007ffeafaa4000 	C:\Windows\System32\gdi32full.dll
0x00007ffeaf640000 - 0x00007ffeaf6de000 	C:\Windows\System32\msvcp_win.dll
0x00007ffeaf700000 - 0x00007ffeaf7fa000 	C:\Windows\System32\ucrtbase.dll
0x00007ffe9f480000 - 0x00007ffe9f705000 	C:\Windows\WinSxS\amd64_microsoft.windows.common-controls_6595b64144ccf1df_6.0.18362.388_none_e6c6afa5130d5b6d\COMCTL32.dll
0x00007ffeb1fd0000 - 0x00007ffeb2306000 	C:\Windows\System32\combase.dll
0x00007ffeb0230000 - 0x00007ffeb02b0000 	C:\Windows\System32\bcryptPrimitives.dll
0x00007ffeb0f60000 - 0x00007ffeb0f8e000 	C:\Windows\System32\IMM32.DLL
0x0000000061da0000 - 0x0000000061e72000 	C:\Program Files\Java\jdk1.8.0_221\jre\bin\msvcr100.dll
0x0000000061e80000 - 0x0000000062725000 	C:\Program Files\Java\jdk1.8.0_221\jre\bin\server\jvm.dll
0x00007ffeb1d50000 - 0x00007ffeb1d58000 	C:\Windows\System32\PSAPI.DLL
0x00007ffeacff0000 - 0x00007ffead014000 	C:\Windows\SYSTEM32\WINMM.dll
0x00007ffeacfc0000 - 0x00007ffeacfed000 	C:\Windows\SYSTEM32\WINMMBASE.dll
0x00007ffeaf830000 - 0x00007ffeaf87a000 	C:\Windows\System32\cfgmgr32.dll
0x00007ffea89b0000 - 0x00007ffea89ba000 	C:\Windows\SYSTEM32\VERSION.dll
0x00007ffe75560000 - 0x00007ffe75569000 	C:\Windows\SYSTEM32\WSOCK32.dll
0x00007ffeb1a60000 - 0x00007ffeb1acf000 	C:\Windows\System32\ws2_32.DLL
0x00007ffeaa1f0000 - 0x00007ffeaa1ff000 	C:\Program Files\Java\jdk1.8.0_221\jre\bin\verify.dll
0x00007ffea0850000 - 0x00007ffea0879000 	C:\Program Files\Java\jdk1.8.0_221\jre\bin\java.dll
0x00007ffea10c0000 - 0x00007ffea10d6000 	C:\Program Files\Java\jdk1.8.0_221\jre\bin\zip.dll
0x00007ffeb1370000 - 0x00007ffeb1a55000 	C:\Windows\System32\SHELL32.dll
0x00007ffeb1d60000 - 0x00007ffeb1e09000 	C:\Windows\System32\shcore.dll
0x00007ffeafab0000 - 0x00007ffeb022f000 	C:\Windows\System32\windows.storage.dll
0x00007ffeaf570000 - 0x00007ffeaf58f000 	C:\Windows\System32\profapi.dll
0x00007ffeaf500000 - 0x00007ffeaf54a000 	C:\Windows\System32\powrprof.dll
0x00007ffeaf4d0000 - 0x00007ffeaf4e0000 	C:\Windows\System32\UMPDC.dll
0x00007ffeb1300000 - 0x00007ffeb1352000 	C:\Windows\System32\shlwapi.dll
0x00007ffeaf4e0000 - 0x00007ffeaf4f1000 	C:\Windows\System32\kernel.appcore.dll
0x00007ffeaf6e0000 - 0x00007ffeaf6f7000 	C:\Windows\System32\cryptsp.dll
0x00007ffe93e10000 - 0x00007ffe93fa9000 	C:\Program Files\Java\jdk1.8.0_221\jre\bin\awt.dll
0x00007ffeb0730000 - 0x00007ffeb07f4000 	C:\Windows\System32\OLEAUT32.dll
0x00007ffead670000 - 0x00007ffead6ff000 	C:\Windows\SYSTEM32\apphelp.dll
0x00007ffead850000 - 0x00007ffead8e9000 	C:\Windows\system32\uxtheme.dll
0x00007ffeb0f90000 - 0x00007ffeb10c6000 	C:\Windows\System32\MSCTF.dll
0x00007ffeb1e70000 - 0x00007ffeb1fc6000 	C:\Windows\System32\ole32.dll
0x00007ffead920000 - 0x00007ffead94d000 	C:\Windows\system32\DWMAPI.DLL
0x00007ffe96ed0000 - 0x00007ffe96f19000 	C:\Program Files\Java\jdk1.8.0_221\jre\bin\fontmanager.dll
0x00007ffeaa5c0000 - 0x00007ffeaa716000 	C:\Windows\system32\opengl32.dll
0x00007ffeaa590000 - 0x00007ffeaa5bc000 	C:\Windows\SYSTEM32\GLU32.dll
0x00007ffeae140000 - 0x00007ffeae160000 	C:\Windows\SYSTEM32\dxcore.dll
0x00007ffeb2370000 - 0x00007ffeb2412000 	C:\Windows\System32\clbcatq.dll
0x00007ffea3950000 - 0x00007ffea3aff000 	C:\Windows\SYSTEM32\WindowsCodecs.dll
0x00007ffe85bc0000 - 0x00007ffe85bfa000 	C:\Windows\system32\dataexchange.dll
0x00007ffeacb80000 - 0x00007ffeacddb000 	C:\Windows\system32\d3d11.dll
0x00007ffeacde0000 - 0x00007ffeacfbb000 	C:\Windows\system32\dcomp.dll
0x00007ffeae1d0000 - 0x00007ffeae2bb000 	C:\Windows\system32\dxgi.dll
0x00007ffead970000 - 0x00007ffeadbca000 	C:\Windows\system32\twinapi.appcore.dll
0x00007ffeade30000 - 0x00007ffeade59000 	C:\Windows\system32\RMCLIENT.dll
0x00007ffe9bc30000 - 0x00007ffe9bc4a000 	C:\Program Files\Java\jdk1.8.0_221\jre\bin\net.dll
0x00007ffe9f110000 - 0x00007ffe9f2e6000 	C:\Windows\SYSTEM32\urlmon.dll
0x00007ffe9ee60000 - 0x00007ffe9f106000 	C:\Windows\SYSTEM32\iertutil.dll
0x00007ffeaef20000 - 0x00007ffeaef2c000 	C:\Windows\SYSTEM32\CRYPTBASE.DLL
0x00007ffeaed50000 - 0x00007ffeaedb7000 	C:\Windows\system32\mswsock.dll
0x00007ffe9bac0000 - 0x00007ffe9bad2000 	C:\Program Files\Java\jdk1.8.0_221\jre\bin\nio.dll
0x00007ffe96e80000 - 0x00007ffe96ec2000 	C:\Program Files\Java\jdk1.8.0_221\jre\bin\t2k.dll
0x00007ffe96e50000 - 0x00007ffe96e7a000 	C:\Program Files\Java\jdk1.8.0_221\jre\bin\dcpr.dll
0x00007ffe9a490000 - 0x00007ffe9a52e000 	C:\Windows\System32\TextInputFramework.dll
0x00007ffea3b70000 - 0x00007ffea3e9a000 	C:\Windows\System32\CoreUIComponents.dll
0x00007ffead390000 - 0x00007ffead464000 	C:\Windows\System32\CoreMessaging.dll
0x00007ffeae530000 - 0x00007ffeae561000 	C:\Windows\SYSTEM32\ntmarta.dll
0x00007ffeab660000 - 0x00007ffeab7b3000 	C:\Windows\SYSTEM32\wintypes.dll
0x0000000180000000 - 0x0000000180025000 	C:\Program Files\Java\jdk1.8.0_221\bin\rxtxSerial.dll
0x00007ffea8730000 - 0x00007ffea8924000 	C:\Windows\SYSTEM32\dbghelp.dll

VM Arguments:
jvm_args: -Dfile.encoding=UTF-8 
java_command: rxtx.Ventana
java_class_path (initial): C:\Users\edwin\Documents\NetBeansProjects\rxtx\RXTXcomm.jar;C:\Users\edwin\Documents\NetBeansProjects\rxtx\build\classes
Launcher Type: SUN_STANDARD

Environment Variables:
PATH=C:\Program Files (x86)\Common Files\Oracle\Java\javapath;C:\Windows\system32;C:\Windows;C:\Windows\System32\Wbem;C:\Windows\System32\WindowsPowerShell\v1.0\;C:\Windows\System32\OpenSSH\;C:\Users\edwin\AppData\Local\Microsoft\WindowsApps;;C:\Users\edwin\AppData\Local\Programs\Microsoft VS Code\bin
USERNAME=edwin
OS=Windows_NT
PROCESSOR_IDENTIFIER=Intel64 Family 6 Model 58 Stepping 9, GenuineIntel



---------------  S Y S T E M  ---------------

OS: Windows 10.0 , 64 bit Build 18362 (10.0.18362.329)

CPU:total 4 (initial active 4) (2 cores per cpu, 2 threads per core) family 6 model 58 stepping 9, cmov, cx8, fxsr, mmx, sse, sse2, sse3, ssse3, sse4.1, sse4.2, popcnt, avx, clmul, erms, ht, tsc, tscinvbit, tscinv

Memory: 4k page, physical 16639068k(10547132k free), swap 19129436k(12002644k free)

vm_info: Java HotSpot(TM) 64-Bit Server VM (25.221-b11) for windows-amd64 JRE (1.8.0_221-b11), built on Jul  4 2019 04:39:29 by "java_re" with MS VC++ 10.0 (VS2010)

time: Tue Oct 15 19:50:40 2019
timezone: Hora estándar, América Central
elapsed time: 59 seconds (0d 0h 0m 59s)

