#
# A fatal error has been detected by the Java Runtime Environment:
#
#  EXCEPTION_ACCESS_VIOLATION (0xc0000005) at pc=0x000000018000524b, pid=1544, tid=0x000000000000277c
#
# JRE version: Java(TM) SE Runtime Environment (8.0_221-b11) (build 1.8.0_221-b11)
# Java VM: Java HotSpot(TM) 64-Bit Server VM (25.221-b11 mixed mode windows-amd64 compressed oops)
# Problematic frame:
# C  [rxtxSerial.dll+0x524b]
#
# Failed to write core dump. Minidumps are not enabled by default on client versions of Windows
#
# If you would like to submit a bug report, please visit:
#   http://bugreport.java.com/bugreport/crash.jsp
# The crash happened outside the Java Virtual Machine in native code.
# See problematic frame for where to report the bug.
#

---------------  T H R E A D  ---------------

Current thread (0x000000001e59a800):  JavaThread "Thread-1" [_thread_in_native, id=10108, stack(0x0000000020290000,0x0000000020390000)]

siginfo: ExceptionCode=0xc0000005, writing address 0x000000002028ec98

Registers:
RAX=0x00000000201662b0, RBX=0x0000000000000001, RCX=0xb652366960ab0000, RDX=0x0000000000000000
RSP=0x000000002038ed90, RBP=0x000000001e59a9f8, RSI=0x0000000000000004, RDI=0x0000000000000000
R8 =0x00000000005df760, R9 =0x0000000180000000, R10=0x0000000000000019, R11=0x0000000000573810
R12=0x000000002028ec90, R13=0x000000002038ef50, R14=0x0000000000000000, R15=0x00000000ffffffff
RIP=0x000000018000524b, EFLAGS=0x0000000000010206

Top of Stack: (sp=0x000000002038ed90)
0x000000002038ed90:   000000002038ee70 0000000000000000
0x000000002038eda0:   0000000000000000 0000000000000000
0x000000002038edb0:   0000000000000007 0000000000000001
0x000000002038edc0:   0000000000000007 000000076b589c50
0x000000002038edd0:   0000000700000000 000000026c18dcc8
0x000000002038ede0:   000000076b592e18 000000076b59ff08
0x000000002038edf0:   000000076b592bf0 00000007ed6b25c3
0x000000002038ee00:   0000839a33c8031d 000000076b592e18
0x000000002038ee10:   000000001e59a800 0000000000000000
0x000000002038ee20:   000000002038ef50 0000000000000000
0x000000002038ee30:   00000007c0063c60 000000076bf94da0
0x000000002038ee40:   000000002038eeb0 0000000002671639
0x000000002038ee50:   000000002038efa0 00000000026bf704
0x000000002038ee60:   000000001f6a94a0 00000000626876a0
0x000000002038ee70:   000000076bf94da0 00000000ffffffff
0x000000002038ee80:   000000076bf95390 0000000000000000 

Instructions: (pc=0x000000018000524b)
0x000000018000522b:   c4 80 00 00 00 41 5f 41 5e 41 5d 41 5c 5f 5e 5d
0x000000018000523b:   c3 e8 3b 55 00 00 83 38 04 74 05 e8 31 55 00 00
0x000000018000524b:   45 89 74 24 08 e9 78 ff ff ff 4c 8d 0d 4c 79 01
0x000000018000525b:   00 48 8d 15 9d 82 01 00 48 8d 4c 24 30 4c 8b c7 


Register to memory mapping:

RAX=0x00000000201662b0 is an unknown value
RBX=0x0000000000000001 is an unknown value
RCX=0xb652366960ab0000 is an unknown value
RDX=0x0000000000000000 is an unknown value
RSP=0x000000002038ed90 is pointing into the stack for thread: 0x000000001e59a800
RBP=0x000000001e59a9f8 is an unknown value
RSI=0x0000000000000004 is an unknown value
RDI=0x0000000000000000 is an unknown value
R8 =0x00000000005df760 is an unknown value
R9 =0x0000000180000000 is an unknown value
R10=0x0000000000000019 is an unknown value
R11=0x0000000000573810 is an unknown value
R12=0x000000002028ec90 is an unknown value
R13=0x000000002038ef50 is pointing into the stack for thread: 0x000000001e59a800
R14=0x0000000000000000 is an unknown value
R15=0x00000000ffffffff is an unknown value


Stack: [0x0000000020290000,0x0000000020390000],  sp=0x000000002038ed90,  free space=1019k
Native frames: (J=compiled Java code, j=interpreted, Vv=VM code, C=native code)
C  [rxtxSerial.dll+0x524b]
C  0x0000000002671639

Java frames: (J=compiled Java code, j=interpreted, Vv=VM code)
J 918  gnu.io.RXTXPort.readByte()I (0 bytes) @ 0x00000000026715bb [0x0000000002671580+0x3b]
J 917 C1 gnu.io.RXTXPort$SerialInputStream.read()I (98 bytes) @ 0x0000000002671e5c [0x0000000002671960+0x4fc]
j  rxtx.ComSer$1.run()V+10
j  java.lang.Thread.run()V+11
v  ~StubRoutines::call_stub

---------------  P R O C E S S  ---------------

Java Threads: ( => current thread )
  0x000000001e3ff800 JavaThread "TimerQueue" daemon [_thread_blocked, id=10344, stack(0x000000001de40000,0x000000001df40000)]
=>0x000000001e59a800 JavaThread "Thread-1" [_thread_in_native, id=10108, stack(0x0000000020290000,0x0000000020390000)]
  0x000000000222d800 JavaThread "DestroyJavaVM" [_thread_blocked, id=10056, stack(0x00000000020d0000,0x00000000021d0000)]
  0x000000001e2a4000 JavaThread "AWT-EventQueue-0" [_thread_blocked, id=8384, stack(0x000000001ea50000,0x000000001eb50000)]
  0x000000001d62a800 JavaThread "AWT-Shutdown" [_thread_blocked, id=7808, stack(0x000000001db00000,0x000000001dc00000)]
  0x000000001d67f000 JavaThread "Java2D Disposer" daemon [_thread_blocked, id=1036, stack(0x000000001da00000,0x000000001db00000)]
  0x000000001b93c800 JavaThread "Service Thread" daemon [_thread_blocked, id=6236, stack(0x000000001d690000,0x000000001d790000)]
  0x000000001b939000 JavaThread "C1 CompilerThread2" daemon [_thread_blocked, id=8128, stack(0x000000001d190000,0x000000001d290000)]
  0x000000001b935800 JavaThread "C2 CompilerThread1" daemon [_thread_blocked, id=4408, stack(0x000000001d090000,0x000000001d190000)]
  0x000000001b927000 JavaThread "C2 CompilerThread0" daemon [_thread_blocked, id=2680, stack(0x000000001cf90000,0x000000001d090000)]
  0x000000001b924000 JavaThread "Attach Listener" daemon [_thread_blocked, id=6564, stack(0x000000001ce90000,0x000000001cf90000)]
  0x000000001b923000 JavaThread "Signal Dispatcher" daemon [_thread_blocked, id=3412, stack(0x000000001cd90000,0x000000001ce90000)]
  0x0000000002326000 JavaThread "Finalizer" daemon [_thread_blocked, id=3500, stack(0x000000001cb70000,0x000000001cc70000)]
  0x0000000002323000 JavaThread "Reference Handler" daemon [_thread_blocked, id=4808, stack(0x000000001ca70000,0x000000001cb70000)]

Other Threads:
  0x000000001b8e8000 VMThread [stack: 0x000000001c970000,0x000000001ca70000] [id=7956]
  0x000000001b97e800 WatcherThread [stack: 0x000000001d900000,0x000000001da00000] [id=3692]

VM state:not at safepoint (normal execution)

VM Mutex/Monitor currently owned by a thread: None

heap address: 0x00000006c2000000, size: 4064 MB, Compressed Oops mode: Zero based, Oop shift amount: 3
Narrow klass base: 0x0000000000000000, Narrow klass shift: 3
Compressed class space size: 1073741824 Address: 0x00000007c0000000

Heap:
 PSYoungGen      total 75776K, used 31519K [0x000000076b580000, 0x0000000770a00000, 0x00000007c0000000)
  eden space 65024K, 48% used [0x000000076b580000,0x000000076d447e38,0x000000076f500000)
  from space 10752K, 0% used [0x000000076ff80000,0x000000076ff80000,0x0000000770a00000)
  to   space 10752K, 0% used [0x000000076f500000,0x000000076f500000,0x000000076ff80000)
 ParOldGen       total 173568K, used 0K [0x00000006c2000000, 0x00000006cc980000, 0x000000076b580000)
  object space 173568K, 0% used [0x00000006c2000000,0x00000006c2000000,0x00000006cc980000)
 Metaspace       used 12879K, capacity 13084K, committed 13312K, reserved 1060864K
  class space    used 1602K, capacity 1670K, committed 1792K, reserved 1048576K

Card table byte_map: [0x00000000116f0000,0x0000000011ef0000] byte_map_base: 0x000000000e0e0000

Marking Bits: (ParMarkBitMap*) 0x00000000626a5ce0
 Begin Bits: [0x0000000012840000, 0x00000000167c0000)
 End Bits:   [0x00000000167c0000, 0x000000001a740000)

Polling page: 0x00000000004f0000

CodeCache: size=245760Kb used=5117Kb max_used=5130Kb free=240642Kb
 bounds [0x0000000002330000, 0x0000000002840000, 0x0000000011330000]
 total_blobs=2036 nmethods=1550 adapters=398
 compilation: enabled

Compilation events (10 events):
Event: 114.162 Thread 0x000000001b927000 1555       4       sun.nio.cs.UTF_8$Encoder::encodeArrayLoop (489 bytes)
Event: 114.172 Thread 0x000000001b927000 nmethod 1555 0x000000000282b650 code [0x000000000282b7a0, 0x000000000282bb78]
Event: 115.693 Thread 0x000000001b935800 1556       4       java.awt.geom.AffineTransform::translate (547 bytes)
Event: 115.693 Thread 0x000000001b939000 1557       3       javax.swing.plaf.synth.SynthStyle::getIcon (21 bytes)
Event: 115.693 Thread 0x000000001b939000 nmethod 1557 0x000000000282fa90 code [0x000000000282fc20, 0x0000000002830088]
Event: 115.697 Thread 0x000000001b935800 nmethod 1556 0x000000000282e550 code [0x000000000282e6e0, 0x000000000282ea48]
Event: 116.118 Thread 0x000000001b927000 1558       4       java.awt.AWTEvent::<init> (81 bytes)
Event: 116.120 Thread 0x000000001b927000 nmethod 1558 0x0000000002829e50 code [0x0000000002829fc0, 0x000000000282a178]
Event: 116.254 Thread 0x000000001b935800 1559   !   4       sun.nio.cs.StreamEncoder::flushBuffer (42 bytes)
Event: 116.261 Thread 0x000000001b935800 nmethod 1559 0x000000000282f010 code [0x000000000282f180, 0x000000000282f6a8]

GC Heap History (0 events):
No events

Deoptimization events (7 events):
Event: 0.426 Thread 0x000000000222d800 Uncommon trap: reason=null_check action=make_not_entrant pc=0x00000000024a797c method=java.lang.String.equals(Ljava/lang/Object;)Z @ 8
Event: 0.732 Thread 0x000000001e2a4000 Uncommon trap: reason=unstable_if action=reinterpret pc=0x000000000250bad4 method=java.util.HashMap.getNode(ILjava/lang/Object;)Ljava/util/HashMap$Node; @ 84
Event: 4.862 Thread 0x000000001e2a4000 Uncommon trap: reason=unstable_if action=reinterpret pc=0x0000000002559c54 method=java.awt.MultipleGradientPaintContext.indexIntoGradientsArrays(F)I @ 13
Event: 6.811 Thread 0x000000001e2a4000 Uncommon trap: reason=class_check action=maybe_recompile pc=0x00000000024c0c50 method=java.lang.String.equals(Ljava/lang/Object;)Z @ 8
Event: 6.811 Thread 0x000000001e2a4000 Uncommon trap: reason=class_check action=maybe_recompile pc=0x00000000024c0c50 method=java.lang.String.equals(Ljava/lang/Object;)Z @ 8
Event: 15.305 Thread 0x000000001e2a4000 Uncommon trap: reason=class_check action=maybe_recompile pc=0x00000000024c0c50 method=java.lang.String.equals(Ljava/lang/Object;)Z @ 8
Event: 15.305 Thread 0x000000001e2a4000 Uncommon trap: reason=class_check action=maybe_recompile pc=0x00000000024c0c50 method=java.lang.String.equals(Ljava/lang/Object;)Z @ 8

Classes redefined (0 events):
No events

Internal exceptions (10 events):
Event: 0.540 Thread 0x000000000222d800 Exception <a 'java/lang/ClassNotFoundException': ToolTip> (0x000000076bac6770) thrown at [C:\re\workspace\8-2-build-windows-amd64-cygwin\jdk8u221\13320\hotspot\src\share\vm\classfile\systemDictionary.cpp, line 210]
Event: 0.542 Thread 0x000000000222d800 Exception <a 'java/lang/ClassNotFoundException': Tree> (0x000000076bac7390) thrown at [C:\re\workspace\8-2-build-windows-amd64-cygwin\jdk8u221\13320\hotspot\src\share\vm\classfile\systemDictionary.cpp, line 210]
Event: 0.543 Thread 0x000000000222d800 Exception <a 'java/lang/ClassNotFoundException': Tree> (0x000000076bac7ad0) thrown at [C:\re\workspace\8-2-build-windows-amd64-cygwin\jdk8u221\13320\hotspot\src\share\vm\classfile\systemDictionary.cpp, line 210]
Event: 0.543 Thread 0x000000000222d800 Exception <a 'java/lang/ClassNotFoundException': javax/swing/JTreeCell> (0x000000076bac7e50) thrown at [C:\re\workspace\8-2-build-windows-amd64-cygwin\jdk8u221\13320\hotspot\src\share\vm\classfile\systemDictionary.cpp, line 210]
Event: 0.543 Thread 0x000000000222d800 Exception <a 'java/lang/ClassNotFoundException': TreeCell> (0x000000076bac82d8) thrown at [C:\re\workspace\8-2-build-windows-amd64-cygwin\jdk8u221\13320\hotspot\src\share\vm\classfile\systemDictionary.cpp, line 210]
Event: 0.544 Thread 0x000000000222d800 Exception <a 'java/lang/ClassNotFoundException': RootPane> (0x000000076bac8d38) thrown at [C:\re\workspace\8-2-build-windows-amd64-cygwin\jdk8u221\13320\hotspot\src\share\vm\classfile\systemDictionary.cpp, line 210]
Event: 3.265 Thread 0x000000001e2a4000 Exception <a 'java/io/FileNotFoundException'> (0x000000076bf2fc40) thrown at [C:\re\workspace\8-2-build-windows-amd64-cygwin\jdk8u221\13320\hotspot\src\share\vm\prims\jni.cpp, line 710]
Event: 3.281 Thread 0x000000001e2a4000 Exception <a 'java/io/FileNotFoundException'> (0x000000076bf497c0) thrown at [C:\re\workspace\8-2-build-windows-amd64-cygwin\jdk8u221\13320\hotspot\src\share\vm\prims\jni.cpp, line 710]
Event: 3.282 Thread 0x000000001e2a4000 Exception <a 'java/io/FileNotFoundException'> (0x000000076bf5b3e8) thrown at [C:\re\workspace\8-2-build-windows-amd64-cygwin\jdk8u221\13320\hotspot\src\share\vm\prims\jni.cpp, line 710]
Event: 3.295 Thread 0x000000001e2a4000 Exception <a 'java/io/FileNotFoundException'> (0x000000076bf74a38) thrown at [C:\re\workspace\8-2-build-windows-amd64-cygwin\jdk8u221\13320\hotspot\src\share\vm\prims\jni.cpp, line 710]

Events (10 events):
Event: 84.913 Thread 0x000000001b927000 flushing nmethod 0x000000000243f6d0
Event: 84.913 Thread 0x000000001b927000 flushing nmethod 0x0000000002444490
Event: 84.913 Thread 0x000000001b927000 flushing nmethod 0x0000000002457b90
Event: 84.913 Thread 0x000000001b927000 flushing nmethod 0x000000000245f690
Event: 84.986 Thread 0x000000001b939000 flushing nmethod 0x00000000024a7610
Event: 89.617 Thread 0x000000001e2a4000 DEOPT PACKING pc=0x00000000025de68a sp=0x000000001eb4be90
Event: 89.618 Thread 0x000000001e2a4000 DEOPT UNPACKING pc=0x0000000002377890 sp=0x000000001eb4bbf8 mode 0
Event: 96.142 loading class java/security/DomainCombiner
Event: 96.142 loading class java/security/DomainCombiner done
Event: 118.297 Thread 0x000000001e598800 Thread exited: 0x000000001e598800


Dynamic libraries:
0x00007ff6b37e0000 - 0x00007ff6b3817000 	C:\Program Files\Java\jdk1.8.0_221\bin\java.exe
0x00007ffeb2600000 - 0x00007ffeb27f0000 	C:\Windows\SYSTEM32\ntdll.dll
0x00007ffeb1ad0000 - 0x00007ffeb1b82000 	C:\Windows\System32\KERNEL32.DLL
0x00007ffeb0400000 - 0x00007ffeb06a3000 	C:\Windows\System32\KERNELBASE.dll
0x00007ffeb0910000 - 0x00007ffeb09b3000 	C:\Windows\System32\ADVAPI32.dll
0x00007ffeb1b90000 - 0x00007ffeb1c2e000 	C:\Windows\System32\msvcrt.dll
0x00007ffeb0800000 - 0x00007ffeb0897000 	C:\Windows\System32\sechost.dll
0x00007ffeb1c30000 - 0x00007ffeb1d50000 	C:\Windows\System32\RPCRT4.dll
0x00007ffeb2420000 - 0x00007ffeb25b3000 	C:\Windows\System32\USER32.dll
0x00007ffeaf800000 - 0x00007ffeaf821000 	C:\Windows\System32\win32u.dll
0x00007ffeb09d0000 - 0x00007ffeb09f6000 	C:\Windows\System32\GDI32.dll
0x00007ffeaf910000 - 0x00007ffeafaa4000 	C:\Windows\System32\gdi32full.dll
0x00007ffeaf640000 - 0x00007ffeaf6de000 	C:\Windows\System32\msvcp_win.dll
0x00007ffeaf700000 - 0x00007ffeaf7fa000 	C:\Windows\System32\ucrtbase.dll
0x00007ffe9f480000 - 0x00007ffe9f705000 	C:\Windows\WinSxS\amd64_microsoft.windows.common-controls_6595b64144ccf1df_6.0.18362.388_none_e6c6afa5130d5b6d\COMCTL32.dll
0x00007ffeb1fd0000 - 0x00007ffeb2306000 	C:\Windows\System32\combase.dll
0x00007ffeb0230000 - 0x00007ffeb02b0000 	C:\Windows\System32\bcryptPrimitives.dll
0x00007ffeb0f60000 - 0x00007ffeb0f8e000 	C:\Windows\System32\IMM32.DLL
0x0000000061da0000 - 0x0000000061e72000 	C:\Program Files\Java\jdk1.8.0_221\jre\bin\msvcr100.dll
0x0000000061e80000 - 0x0000000062725000 	C:\Program Files\Java\jdk1.8.0_221\jre\bin\server\jvm.dll
0x00007ffeb1d50000 - 0x00007ffeb1d58000 	C:\Windows\System32\PSAPI.DLL
0x00007ffe75560000 - 0x00007ffe75569000 	C:\Windows\SYSTEM32\WSOCK32.dll
0x00007ffeacff0000 - 0x00007ffead014000 	C:\Windows\SYSTEM32\WINMM.dll
0x00007ffea89b0000 - 0x00007ffea89ba000 	C:\Windows\SYSTEM32\VERSION.dll
0x00007ffeb1a60000 - 0x00007ffeb1acf000 	C:\Windows\System32\WS2_32.dll
0x00007ffeacfc0000 - 0x00007ffeacfed000 	C:\Windows\SYSTEM32\WINMMBASE.dll
0x00007ffeaf830000 - 0x00007ffeaf87a000 	C:\Windows\System32\cfgmgr32.dll
0x00007ffeaa1f0000 - 0x00007ffeaa1ff000 	C:\Program Files\Java\jdk1.8.0_221\jre\bin\verify.dll
0x00007ffea0850000 - 0x00007ffea0879000 	C:\Program Files\Java\jdk1.8.0_221\jre\bin\java.dll
0x00007ffea10c0000 - 0x00007ffea10d6000 	C:\Program Files\Java\jdk1.8.0_221\jre\bin\zip.dll
0x00007ffeb1370000 - 0x00007ffeb1a55000 	C:\Windows\System32\SHELL32.dll
0x00007ffeb1d60000 - 0x00007ffeb1e09000 	C:\Windows\System32\shcore.dll
0x00007ffeafab0000 - 0x00007ffeb022f000 	C:\Windows\System32\windows.storage.dll
0x00007ffeaf570000 - 0x00007ffeaf58f000 	C:\Windows\System32\profapi.dll
0x00007ffeaf500000 - 0x00007ffeaf54a000 	C:\Windows\System32\powrprof.dll
0x00007ffeaf4d0000 - 0x00007ffeaf4e0000 	C:\Windows\System32\UMPDC.dll
0x00007ffeb1300000 - 0x00007ffeb1352000 	C:\Windows\System32\shlwapi.dll
0x00007ffeaf4e0000 - 0x00007ffeaf4f1000 	C:\Windows\System32\kernel.appcore.dll
0x00007ffeaf6e0000 - 0x00007ffeaf6f7000 	C:\Windows\System32\cryptsp.dll
0x00007ffe93e10000 - 0x00007ffe93fa9000 	C:\Program Files\Java\jdk1.8.0_221\jre\bin\awt.dll
0x00007ffeb0730000 - 0x00007ffeb07f4000 	C:\Windows\System32\OLEAUT32.dll
0x00007ffead670000 - 0x00007ffead6ff000 	C:\Windows\SYSTEM32\apphelp.dll
0x00007ffead850000 - 0x00007ffead8e9000 	C:\Windows\system32\uxtheme.dll
0x00007ffeb0f90000 - 0x00007ffeb10c6000 	C:\Windows\System32\MSCTF.dll
0x00007ffeb1e70000 - 0x00007ffeb1fc6000 	C:\Windows\System32\ole32.dll
0x00007ffead920000 - 0x00007ffead94d000 	C:\Windows\system32\DWMAPI.DLL
0x00007ffe96ed0000 - 0x00007ffe96f19000 	C:\Program Files\Java\jdk1.8.0_221\jre\bin\fontmanager.dll
0x00007ffeaa5c0000 - 0x00007ffeaa716000 	C:\Windows\system32\opengl32.dll
0x00007ffeaa590000 - 0x00007ffeaa5bc000 	C:\Windows\SYSTEM32\GLU32.dll
0x00007ffeae140000 - 0x00007ffeae160000 	C:\Windows\SYSTEM32\dxcore.dll
0x00007ffeb2370000 - 0x00007ffeb2412000 	C:\Windows\System32\clbcatq.dll
0x00007ffea3950000 - 0x00007ffea3aff000 	C:\Windows\SYSTEM32\WindowsCodecs.dll
0x00007ffe9bc30000 - 0x00007ffe9bc4a000 	C:\Program Files\Java\jdk1.8.0_221\jre\bin\net.dll
0x00007ffe9f110000 - 0x00007ffe9f2e6000 	C:\Windows\SYSTEM32\urlmon.dll
0x00007ffe9ee60000 - 0x00007ffe9f106000 	C:\Windows\SYSTEM32\iertutil.dll
0x00007ffeaef20000 - 0x00007ffeaef2c000 	C:\Windows\SYSTEM32\CRYPTBASE.DLL
0x00007ffeaed50000 - 0x00007ffeaedb7000 	C:\Windows\system32\mswsock.dll
0x00007ffe9bac0000 - 0x00007ffe9bad2000 	C:\Program Files\Java\jdk1.8.0_221\jre\bin\nio.dll
0x00007ffe96e80000 - 0x00007ffe96ec2000 	C:\Program Files\Java\jdk1.8.0_221\jre\bin\t2k.dll
0x00007ffe9a490000 - 0x00007ffe9a52e000 	C:\Windows\System32\TextInputFramework.dll
0x00007ffead390000 - 0x00007ffead464000 	C:\Windows\System32\CoreMessaging.dll
0x00007ffea3b70000 - 0x00007ffea3e9a000 	C:\Windows\System32\CoreUIComponents.dll
0x00007ffeae530000 - 0x00007ffeae561000 	C:\Windows\SYSTEM32\ntmarta.dll
0x00007ffeab660000 - 0x00007ffeab7b3000 	C:\Windows\SYSTEM32\wintypes.dll
0x00007ffe96e50000 - 0x00007ffe96e7a000 	C:\Program Files\Java\jdk1.8.0_221\jre\bin\dcpr.dll
0x0000000180000000 - 0x0000000180025000 	C:\Program Files\Java\jdk1.8.0_221\bin\rxtxSerial.dll
0x00007ffea8730000 - 0x00007ffea8924000 	C:\Windows\SYSTEM32\dbghelp.dll

VM Arguments:
jvm_args: -Dfile.encoding=UTF-8 
java_command: rxtx.Ventana
java_class_path (initial): C:\Users\edwin\Documents\NetBeansProjects\rxtx\RXTXcomm.jar;C:\Users\edwin\Documents\NetBeansProjects\rxtx\build\classes
Launcher Type: SUN_STANDARD

Environment Variables:
PATH=C:\Program Files (x86)\Common Files\Oracle\Java\javapath;C:\Windows\system32;C:\Windows;C:\Windows\System32\Wbem;C:\Windows\System32\WindowsPowerShell\v1.0\;C:\Windows\System32\OpenSSH\;C:\Users\edwin\AppData\Local\Microsoft\WindowsApps;;C:\Users\edwin\AppData\Local\Programs\Microsoft VS Code\bin
USERNAME=edwin
OS=Windows_NT
PROCESSOR_IDENTIFIER=Intel64 Family 6 Model 58 Stepping 9, GenuineIntel



---------------  S Y S T E M  ---------------

OS: Windows 10.0 , 64 bit Build 18362 (10.0.18362.329)

CPU:total 4 (initial active 4) (2 cores per cpu, 2 threads per core) family 6 model 58 stepping 9, cmov, cx8, fxsr, mmx, sse, sse2, sse3, ssse3, sse4.1, sse4.2, popcnt, avx, clmul, erms, ht, tsc, tscinvbit, tscinv

Memory: 4k page, physical 16639068k(10662588k free), swap 19129436k(11977144k free)

vm_info: Java HotSpot(TM) 64-Bit Server VM (25.221-b11) for windows-amd64 JRE (1.8.0_221-b11), built on Jul  4 2019 04:39:29 by "java_re" with MS VC++ 10.0 (VS2010)

time: Tue Oct 15 19:46:40 2019
timezone: Hora estándar, América Central
elapsed time: 118 seconds (0d 0h 1m 58s)

