#
# A fatal error has been detected by the Java Runtime Environment:
#
#  EXCEPTION_ACCESS_VIOLATION (0xc0000005) at pc=0x000000018000524b, pid=10308, tid=0x0000000000002a38
#
# JRE version: Java(TM) SE Runtime Environment (8.0_221-b11) (build 1.8.0_221-b11)
# Java VM: Java HotSpot(TM) 64-Bit Server VM (25.221-b11 mixed mode windows-amd64 compressed oops)
# Problematic frame:
# C  [rxtxSerial.dll+0x524b]
#
# Failed to write core dump. Minidumps are not enabled by default on client versions of Windows
#
# If you would like to submit a bug report, please visit:
#   http://bugreport.java.com/bugreport/crash.jsp
# The crash happened outside the Java Virtual Machine in native code.
# See problematic frame for where to report the bug.
#

---------------  T H R E A D  ---------------

Current thread (0x000000001db6b000):  JavaThread "Thread-1" [_thread_in_native, id=10808, stack(0x000000001e650000,0x000000001e750000)]

siginfo: ExceptionCode=0xc0000005, writing address 0x000000001e5cebd8

Registers:
RAX=0x000000001e6462b0, RBX=0x0000000000000001, RCX=0xaec3c76405370000, RDX=0x0000000000000000
RSP=0x000000001e74ee60, RBP=0x000000001db6b1f8, RSI=0x0000000000000006, RDI=0x0000000000000000
R8 =0x0000000000bfc2c0, R9 =0x0000000180000000, R10=0x0000000000000019, R11=0x0000000000b93fb0
R12=0x000000001e5cebd0, R13=0x000000001e74f020, R14=0x0000000000000000, R15=0x00000000ffffffff
RIP=0x000000018000524b, EFLAGS=0x0000000000010202

Top of Stack: (sp=0x000000001e74ee60)
0x000000001e74ee60:   000000001e74ef40 0000000000000000
0x000000001e74ee70:   0000000000000000 0000000000000000
0x000000001e74ee80:   000000001e74f070 0000000000000001
0x000000001e74ee90:   000000001db6b000 0000000000000000
0x000000001e74eea0:   000000076b592e18 000000076b59ff08
0x000000001e74eeb0:   0000000000000002 000000076b59ff08
0x000000001e74eec0:   000000076b592e18 000000076b59ff08
0x000000001e74eed0:   0000839a6f532f23 000000076b592bf0
0x000000001e74eee0:   000000001db6b000 0000000000000000
0x000000001e74eef0:   000000001e74f020 0000000000000000
0x000000001e74ef00:   00000007c0063c60 000000076bfeeb80
0x000000001e74ef10:   000000001e74ef80 0000000002dacfb9
0x000000001e74ef20:   000000001e74f070 0000000002db5904
0x000000001e74ef30:   000000001fc894a0 000000001e74ef38
0x000000001e74ef40:   000000076bfeeb80 000000001e74ef98
0x000000001e74ef50:   000000001b7ab988 000000001bd84518 

Instructions: (pc=0x000000018000524b)
0x000000018000522b:   c4 80 00 00 00 41 5f 41 5e 41 5d 41 5c 5f 5e 5d
0x000000018000523b:   c3 e8 3b 55 00 00 83 38 04 74 05 e8 31 55 00 00
0x000000018000524b:   45 89 74 24 08 e9 78 ff ff ff 4c 8d 0d 4c 79 01
0x000000018000525b:   00 48 8d 15 9d 82 01 00 48 8d 4c 24 30 4c 8b c7 


Register to memory mapping:

RAX=0x000000001e6462b0 is an unknown value
RBX=0x0000000000000001 is an unknown value
RCX=0xaec3c76405370000 is an unknown value
RDX=0x0000000000000000 is an unknown value
RSP=0x000000001e74ee60 is pointing into the stack for thread: 0x000000001db6b000
RBP=0x000000001db6b1f8 is an unknown value
RSI=0x0000000000000006 is an unknown value
RDI=0x0000000000000000 is an unknown value
R8 =0x0000000000bfc2c0 is an unknown value
R9 =0x0000000180000000 is an unknown value
R10=0x0000000000000019 is an unknown value
R11=0x0000000000b93fb0 is an unknown value
R12=0x000000001e5cebd0 is an unknown value
R13=0x000000001e74f020 is pointing into the stack for thread: 0x000000001db6b000
R14=0x0000000000000000 is an unknown value
R15=0x00000000ffffffff is an unknown value


Stack: [0x000000001e650000,0x000000001e750000],  sp=0x000000001e74ee60,  free space=1019k
Native frames: (J=compiled Java code, j=interpreted, Vv=VM code, C=native code)
C  [rxtxSerial.dll+0x524b]
C  0x0000000002dacfb9

Java frames: (J=compiled Java code, j=interpreted, Vv=VM code)
J 965  gnu.io.RXTXPort.readByte()I (0 bytes) @ 0x0000000002dacf3b [0x0000000002dacf00+0x3b]
J 964 C1 gnu.io.RXTXPort$SerialInputStream.read()I (98 bytes) @ 0x0000000002dad7dc [0x0000000002dad2e0+0x4fc]
j  rxtx.ComSer$1.run()V+10
j  java.lang.Thread.run()V+11
v  ~StubRoutines::call_stub

---------------  P R O C E S S  ---------------

Java Threads: ( => current thread )
  0x000000001eb77000 JavaThread "TimerQueue" daemon [_thread_blocked, id=7956, stack(0x000000001e750000,0x000000001e850000)]
=>0x000000001db6b000 JavaThread "Thread-1" [_thread_in_native, id=10808, stack(0x000000001e650000,0x000000001e750000)]
  0x000000000293d800 JavaThread "DestroyJavaVM" [_thread_blocked, id=6044, stack(0x0000000002780000,0x0000000002880000)]
  0x000000001dcf6000 JavaThread "AWT-EventQueue-0" [_thread_blocked, id=9544, stack(0x000000001f0c0000,0x000000001f1c0000)]
  0x000000001dc95800 JavaThread "AWT-Windows" daemon [_thread_in_native, id=1932, stack(0x000000001e2c0000,0x000000001e3c0000)]
  0x000000001dc92800 JavaThread "AWT-Shutdown" [_thread_blocked, id=2092, stack(0x000000001e1c0000,0x000000001e2c0000)]
  0x000000001dceb000 JavaThread "Java2D Disposer" daemon [_thread_blocked, id=6656, stack(0x000000001e0c0000,0x000000001e1c0000)]
  0x000000001d978800 JavaThread "Service Thread" daemon [_thread_blocked, id=10396, stack(0x000000001dd50000,0x000000001de50000)]
  0x000000001bff3000 JavaThread "C1 CompilerThread2" daemon [_thread_blocked, id=4576, stack(0x000000001d850000,0x000000001d950000)]
  0x000000001bff0000 JavaThread "C2 CompilerThread1" daemon [_thread_blocked, id=3320, stack(0x000000001d750000,0x000000001d850000)]
  0x000000001bfe7800 JavaThread "C2 CompilerThread0" daemon [_thread_blocked, id=9248, stack(0x000000001d650000,0x000000001d750000)]
  0x000000001bfe4000 JavaThread "Attach Listener" daemon [_thread_blocked, id=6268, stack(0x000000001d550000,0x000000001d650000)]
  0x000000001bfe3000 JavaThread "Signal Dispatcher" daemon [_thread_blocked, id=10924, stack(0x000000001d450000,0x000000001d550000)]
  0x0000000002a3c000 JavaThread "Finalizer" daemon [_thread_blocked, id=9496, stack(0x000000001d230000,0x000000001d330000)]
  0x0000000002a33000 JavaThread "Reference Handler" daemon [_thread_blocked, id=10220, stack(0x000000001d130000,0x000000001d230000)]

Other Threads:
  0x000000001bfa8000 VMThread [stack: 0x000000001d030000,0x000000001d130000] [id=4468]
  0x000000001d981000 WatcherThread [stack: 0x000000001dfc0000,0x000000001e0c0000] [id=1084]

VM state:not at safepoint (normal execution)

VM Mutex/Monitor currently owned by a thread: None

heap address: 0x00000006c2000000, size: 4064 MB, Compressed Oops mode: Zero based, Oop shift amount: 3
Narrow klass base: 0x0000000000000000, Narrow klass shift: 3
Compressed class space size: 1073741824 Address: 0x00000007c0000000

Heap:
 PSYoungGen      total 75776K, used 18468K [0x000000076b580000, 0x0000000770a00000, 0x00000007c0000000)
  eden space 65024K, 28% used [0x000000076b580000,0x000000076c789088,0x000000076f500000)
  from space 10752K, 0% used [0x000000076ff80000,0x000000076ff80000,0x0000000770a00000)
  to   space 10752K, 0% used [0x000000076f500000,0x000000076f500000,0x000000076ff80000)
 ParOldGen       total 173568K, used 0K [0x00000006c2000000, 0x00000006cc980000, 0x000000076b580000)
  object space 173568K, 0% used [0x00000006c2000000,0x00000006c2000000,0x00000006cc980000)
 Metaspace       used 12622K, capacity 12828K, committed 13056K, reserved 1060864K
  class space    used 1599K, capacity 1670K, committed 1792K, reserved 1048576K

Card table byte_map: [0x0000000011e00000,0x0000000012600000] byte_map_base: 0x000000000e7f0000

Marking Bits: (ParMarkBitMap*) 0x00000000626a5ce0
 Begin Bits: [0x0000000012f50000, 0x0000000016ed0000)
 End Bits:   [0x0000000016ed0000, 0x000000001ae50000)

Polling page: 0x0000000000ed0000

CodeCache: size=245760Kb used=3961Kb max_used=3976Kb free=241798Kb
 bounds [0x0000000002a40000, 0x0000000002e30000, 0x0000000011a40000]
 total_blobs=1615 nmethods=1129 adapters=398
 compilation: enabled

Compilation events (10 events):
Event: 32.111 Thread 0x000000001bff3000 1104       1       sun.awt.image.VolatileSurfaceManager::contentsLost (5 bytes)
Event: 32.112 Thread 0x000000001bff3000 nmethod 1104 0x0000000002e06210 code [0x0000000002e06360, 0x0000000002e06470]
Event: 32.312 Thread 0x000000001bff3000 1105       3       sun.util.locale.LocaleUtils::caseIgnoreMatch (73 bytes)
Event: 32.313 Thread 0x000000001bff3000 nmethod 1105 0x0000000002e0d150 code [0x0000000002e0d360, 0x0000000002e0dfb8]
Event: 32.316 Thread 0x000000001bff3000 1106       3       javax.swing.JComponent::getBounds (50 bytes)
Event: 32.318 Thread 0x000000001bff3000 nmethod 1106 0x0000000002e0e550 code [0x0000000002e0e740, 0x0000000002e0f430]
Event: 32.318 Thread 0x000000001bff3000 1108       3       sun.java2d.pipe.AlphaColorPipe::renderPathTile (39 bytes)
Event: 32.318 Thread 0x000000001bff3000 nmethod 1108 0x0000000002e05b90 code [0x0000000002e05d00, 0x0000000002e060a8]
Event: 32.318 Thread 0x000000001bff3000 1107   !   3       sun.java2d.SunGraphics2D::hitClip (269 bytes)
Event: 32.320 Thread 0x000000001bff3000 nmethod 1107 0x0000000002e0f850 code [0x0000000002e0fbe0, 0x0000000002e10ae8]

GC Heap History (0 events):
No events

Deoptimization events (6 events):
Event: 0.603 Thread 0x000000000293d800 Uncommon trap: reason=null_check action=make_not_entrant pc=0x0000000002bbb53c method=java.lang.String.equals(Ljava/lang/Object;)Z @ 8
Event: 0.949 Thread 0x000000001dcf6000 Uncommon trap: reason=unstable_if action=reinterpret pc=0x0000000002c1bd94 method=java.util.HashMap.getNode(ILjava/lang/Object;)Ljava/util/HashMap$Node; @ 84
Event: 15.045 Thread 0x000000001dcf6000 Uncommon trap: reason=unstable_if action=reinterpret pc=0x0000000002c70efc method=java.awt.MultipleGradientPaintContext.indexIntoGradientsArrays(F)I @ 13
Event: 15.540 Thread 0x000000001dcf6000 Uncommon trap: reason=unstable_if action=reinterpret pc=0x0000000002d541ec method=java.awt.MultipleGradientPaintContext.indexIntoGradientsArrays(F)I @ 13
Event: 16.023 Thread 0x000000001dcf6000 Uncommon trap: reason=class_check action=maybe_recompile pc=0x0000000002bd29d0 method=java.lang.String.equals(Ljava/lang/Object;)Z @ 8
Event: 16.023 Thread 0x000000001dcf6000 Uncommon trap: reason=class_check action=maybe_recompile pc=0x0000000002bd29d0 method=java.lang.String.equals(Ljava/lang/Object;)Z @ 8

Classes redefined (0 events):
No events

Internal exceptions (10 events):
Event: 0.725 Thread 0x000000000293d800 Exception <a 'java/lang/ClassNotFoundException': ToolTip> (0x000000076bac69d8) thrown at [C:\re\workspace\8-2-build-windows-amd64-cygwin\jdk8u221\13320\hotspot\src\share\vm\classfile\systemDictionary.cpp, line 210]
Event: 0.727 Thread 0x000000000293d800 Exception <a 'java/lang/ClassNotFoundException': Tree> (0x000000076bac75f8) thrown at [C:\re\workspace\8-2-build-windows-amd64-cygwin\jdk8u221\13320\hotspot\src\share\vm\classfile\systemDictionary.cpp, line 210]
Event: 0.728 Thread 0x000000000293d800 Exception <a 'java/lang/ClassNotFoundException': Tree> (0x000000076bac7d38) thrown at [C:\re\workspace\8-2-build-windows-amd64-cygwin\jdk8u221\13320\hotspot\src\share\vm\classfile\systemDictionary.cpp, line 210]
Event: 0.728 Thread 0x000000000293d800 Exception <a 'java/lang/ClassNotFoundException': javax/swing/JTreeCell> (0x000000076bac80b8) thrown at [C:\re\workspace\8-2-build-windows-amd64-cygwin\jdk8u221\13320\hotspot\src\share\vm\classfile\systemDictionary.cpp, line 210]
Event: 0.728 Thread 0x000000000293d800 Exception <a 'java/lang/ClassNotFoundException': TreeCell> (0x000000076bac8540) thrown at [C:\re\workspace\8-2-build-windows-amd64-cygwin\jdk8u221\13320\hotspot\src\share\vm\classfile\systemDictionary.cpp, line 210]
Event: 0.728 Thread 0x000000000293d800 Exception <a 'java/lang/ClassNotFoundException': RootPane> (0x000000076bac8fa0) thrown at [C:\re\workspace\8-2-build-windows-amd64-cygwin\jdk8u221\13320\hotspot\src\share\vm\classfile\systemDictionary.cpp, line 210]
Event: 9.917 Thread 0x000000001dcf6000 Exception <a 'java/io/FileNotFoundException'> (0x000000076bf89748) thrown at [C:\re\workspace\8-2-build-windows-amd64-cygwin\jdk8u221\13320\hotspot\src\share\vm\prims\jni.cpp, line 710]
Event: 9.935 Thread 0x000000001dcf6000 Exception <a 'java/io/FileNotFoundException'> (0x000000076bfa32c8) thrown at [C:\re\workspace\8-2-build-windows-amd64-cygwin\jdk8u221\13320\hotspot\src\share\vm\prims\jni.cpp, line 710]
Event: 9.936 Thread 0x000000001dcf6000 Exception <a 'java/io/FileNotFoundException'> (0x000000076bfb4ef0) thrown at [C:\re\workspace\8-2-build-windows-amd64-cygwin\jdk8u221\13320\hotspot\src\share\vm\prims\jni.cpp, line 710]
Event: 9.952 Thread 0x000000001dcf6000 Exception <a 'java/io/FileNotFoundException'> (0x000000076bfce540) thrown at [C:\re\workspace\8-2-build-windows-amd64-cygwin\jdk8u221\13320\hotspot\src\share\vm\prims\jni.cpp, line 710]

Events (10 events):
Event: 18.534 Thread 0x000000001dcf6000 DEOPT UNPACKING pc=0x0000000002a87890 sp=0x000000001f1bba30 mode 0
Event: 27.420 Thread 0x000000001dcf6000 DEOPT PACKING pc=0x0000000002d589a6 sp=0x000000001f1bbcf0
Event: 27.420 Thread 0x000000001dcf6000 DEOPT UNPACKING pc=0x0000000002a87890 sp=0x000000001f1bba30 mode 0
Event: 27.579 loading class javax/swing/text/DefaultHighlighter$LayeredHighlightInfo
Event: 27.580 loading class javax/swing/text/DefaultHighlighter$HighlightInfo
Event: 27.580 loading class javax/swing/text/DefaultHighlighter$HighlightInfo done
Event: 27.580 loading class javax/swing/text/DefaultHighlighter$LayeredHighlightInfo done
Event: 31.662 Thread 0x000000001dcf6000 DEOPT PACKING pc=0x0000000002d589a6 sp=0x000000001f1bbd50
Event: 31.662 Thread 0x000000001dcf6000 DEOPT UNPACKING pc=0x0000000002a87890 sp=0x000000001f1bba50 mode 0
Event: 33.904 Thread 0x000000001da22800 Thread exited: 0x000000001da22800


Dynamic libraries:
0x00007ff6b37e0000 - 0x00007ff6b3817000 	C:\Program Files\Java\jdk1.8.0_221\bin\java.exe
0x00007ffeb2600000 - 0x00007ffeb27f0000 	C:\Windows\SYSTEM32\ntdll.dll
0x00007ffeb1ad0000 - 0x00007ffeb1b82000 	C:\Windows\System32\KERNEL32.DLL
0x00007ffeb0400000 - 0x00007ffeb06a3000 	C:\Windows\System32\KERNELBASE.dll
0x00007ffeb0910000 - 0x00007ffeb09b3000 	C:\Windows\System32\ADVAPI32.dll
0x00007ffeb1b90000 - 0x00007ffeb1c2e000 	C:\Windows\System32\msvcrt.dll
0x00007ffeb0800000 - 0x00007ffeb0897000 	C:\Windows\System32\sechost.dll
0x00007ffeb1c30000 - 0x00007ffeb1d50000 	C:\Windows\System32\RPCRT4.dll
0x00007ffeb2420000 - 0x00007ffeb25b3000 	C:\Windows\System32\USER32.dll
0x00007ffeaf800000 - 0x00007ffeaf821000 	C:\Windows\System32\win32u.dll
0x00007ffeb09d0000 - 0x00007ffeb09f6000 	C:\Windows\System32\GDI32.dll
0x00007ffeaf910000 - 0x00007ffeafaa4000 	C:\Windows\System32\gdi32full.dll
0x00007ffeaf640000 - 0x00007ffeaf6de000 	C:\Windows\System32\msvcp_win.dll
0x00007ffeaf700000 - 0x00007ffeaf7fa000 	C:\Windows\System32\ucrtbase.dll
0x00007ffe9f480000 - 0x00007ffe9f705000 	C:\Windows\WinSxS\amd64_microsoft.windows.common-controls_6595b64144ccf1df_6.0.18362.388_none_e6c6afa5130d5b6d\COMCTL32.dll
0x00007ffeb1fd0000 - 0x00007ffeb2306000 	C:\Windows\System32\combase.dll
0x00007ffeb0230000 - 0x00007ffeb02b0000 	C:\Windows\System32\bcryptPrimitives.dll
0x00007ffeb0f60000 - 0x00007ffeb0f8e000 	C:\Windows\System32\IMM32.DLL
0x0000000061da0000 - 0x0000000061e72000 	C:\Program Files\Java\jdk1.8.0_221\jre\bin\msvcr100.dll
0x0000000061e80000 - 0x0000000062725000 	C:\Program Files\Java\jdk1.8.0_221\jre\bin\server\jvm.dll
0x00007ffeb1d50000 - 0x00007ffeb1d58000 	C:\Windows\System32\PSAPI.DLL
0x00007ffe75560000 - 0x00007ffe75569000 	C:\Windows\SYSTEM32\WSOCK32.dll
0x00007ffeacff0000 - 0x00007ffead014000 	C:\Windows\SYSTEM32\WINMM.dll
0x00007ffea89b0000 - 0x00007ffea89ba000 	C:\Windows\SYSTEM32\VERSION.dll
0x00007ffeb1a60000 - 0x00007ffeb1acf000 	C:\Windows\System32\WS2_32.dll
0x00007ffeacfc0000 - 0x00007ffeacfed000 	C:\Windows\SYSTEM32\WINMMBASE.dll
0x00007ffeaf830000 - 0x00007ffeaf87a000 	C:\Windows\System32\cfgmgr32.dll
0x00007ffeaa1f0000 - 0x00007ffeaa1ff000 	C:\Program Files\Java\jdk1.8.0_221\jre\bin\verify.dll
0x00007ffea0850000 - 0x00007ffea0879000 	C:\Program Files\Java\jdk1.8.0_221\jre\bin\java.dll
0x00007ffea10c0000 - 0x00007ffea10d6000 	C:\Program Files\Java\jdk1.8.0_221\jre\bin\zip.dll
0x00007ffeb1370000 - 0x00007ffeb1a55000 	C:\Windows\System32\SHELL32.dll
0x00007ffeb1d60000 - 0x00007ffeb1e09000 	C:\Windows\System32\shcore.dll
0x00007ffeafab0000 - 0x00007ffeb022f000 	C:\Windows\System32\windows.storage.dll
0x00007ffeaf570000 - 0x00007ffeaf58f000 	C:\Windows\System32\profapi.dll
0x00007ffeaf500000 - 0x00007ffeaf54a000 	C:\Windows\System32\powrprof.dll
0x00007ffeaf4d0000 - 0x00007ffeaf4e0000 	C:\Windows\System32\UMPDC.dll
0x00007ffeb1300000 - 0x00007ffeb1352000 	C:\Windows\System32\shlwapi.dll
0x00007ffeaf4e0000 - 0x00007ffeaf4f1000 	C:\Windows\System32\kernel.appcore.dll
0x00007ffeaf6e0000 - 0x00007ffeaf6f7000 	C:\Windows\System32\cryptsp.dll
0x00007ffe93e10000 - 0x00007ffe93fa9000 	C:\Program Files\Java\jdk1.8.0_221\jre\bin\awt.dll
0x00007ffeb0730000 - 0x00007ffeb07f4000 	C:\Windows\System32\OLEAUT32.dll
0x00007ffead670000 - 0x00007ffead6ff000 	C:\Windows\SYSTEM32\apphelp.dll
0x00007ffead850000 - 0x00007ffead8e9000 	C:\Windows\system32\uxtheme.dll
0x00007ffeb0f90000 - 0x00007ffeb10c6000 	C:\Windows\System32\MSCTF.dll
0x00007ffeb1e70000 - 0x00007ffeb1fc6000 	C:\Windows\System32\ole32.dll
0x00007ffead920000 - 0x00007ffead94d000 	C:\Windows\system32\DWMAPI.DLL
0x00007ffe96ed0000 - 0x00007ffe96f19000 	C:\Program Files\Java\jdk1.8.0_221\jre\bin\fontmanager.dll
0x00007ffeaa5c0000 - 0x00007ffeaa716000 	C:\Windows\system32\opengl32.dll
0x00007ffeaa590000 - 0x00007ffeaa5bc000 	C:\Windows\SYSTEM32\GLU32.dll
0x00007ffeae140000 - 0x00007ffeae160000 	C:\Windows\SYSTEM32\dxcore.dll
0x00007ffeb2370000 - 0x00007ffeb2412000 	C:\Windows\System32\clbcatq.dll
0x00007ffea3950000 - 0x00007ffea3aff000 	C:\Windows\SYSTEM32\WindowsCodecs.dll
0x00007ffe85bc0000 - 0x00007ffe85bfa000 	C:\Windows\system32\dataexchange.dll
0x00007ffeacb80000 - 0x00007ffeacddb000 	C:\Windows\system32\d3d11.dll
0x00007ffeacde0000 - 0x00007ffeacfbb000 	C:\Windows\system32\dcomp.dll
0x00007ffeae1d0000 - 0x00007ffeae2bb000 	C:\Windows\system32\dxgi.dll
0x00007ffead970000 - 0x00007ffeadbca000 	C:\Windows\system32\twinapi.appcore.dll
0x00007ffeade30000 - 0x00007ffeade59000 	C:\Windows\system32\RMCLIENT.dll
0x00007ffe9bc30000 - 0x00007ffe9bc4a000 	C:\Program Files\Java\jdk1.8.0_221\jre\bin\net.dll
0x00007ffe9f110000 - 0x00007ffe9f2e6000 	C:\Windows\SYSTEM32\urlmon.dll
0x00007ffe9ee60000 - 0x00007ffe9f106000 	C:\Windows\SYSTEM32\iertutil.dll
0x00007ffeaef20000 - 0x00007ffeaef2c000 	C:\Windows\SYSTEM32\CRYPTBASE.DLL
0x00007ffeaed50000 - 0x00007ffeaedb7000 	C:\Windows\system32\mswsock.dll
0x00007ffe9bac0000 - 0x00007ffe9bad2000 	C:\Program Files\Java\jdk1.8.0_221\jre\bin\nio.dll
0x00007ffe96e80000 - 0x00007ffe96ec2000 	C:\Program Files\Java\jdk1.8.0_221\jre\bin\t2k.dll
0x00007ffe9a490000 - 0x00007ffe9a52e000 	C:\Windows\System32\TextInputFramework.dll
0x00007ffea3b70000 - 0x00007ffea3e9a000 	C:\Windows\System32\CoreUIComponents.dll
0x00007ffead390000 - 0x00007ffead464000 	C:\Windows\System32\CoreMessaging.dll
0x00007ffeae530000 - 0x00007ffeae561000 	C:\Windows\SYSTEM32\ntmarta.dll
0x00007ffeab660000 - 0x00007ffeab7b3000 	C:\Windows\SYSTEM32\wintypes.dll
0x00007ffe96e50000 - 0x00007ffe96e7a000 	C:\Program Files\Java\jdk1.8.0_221\jre\bin\dcpr.dll
0x0000000180000000 - 0x0000000180025000 	C:\Program Files\Java\jdk1.8.0_221\bin\rxtxSerial.dll
0x00007ffea8730000 - 0x00007ffea8924000 	C:\Windows\SYSTEM32\dbghelp.dll

VM Arguments:
jvm_args: -Dfile.encoding=UTF-8 
java_command: rxtx.Ventana
java_class_path (initial): C:\Users\edwin\Documents\NetBeansProjects\rxtx\RXTXcomm.jar;C:\Users\edwin\Documents\NetBeansProjects\rxtx\build\classes
Launcher Type: SUN_STANDARD

Environment Variables:
PATH=C:\Program Files (x86)\Common Files\Oracle\Java\javapath;C:\Windows\system32;C:\Windows;C:\Windows\System32\Wbem;C:\Windows\System32\WindowsPowerShell\v1.0\;C:\Windows\System32\OpenSSH\;C:\Users\edwin\AppData\Local\Microsoft\WindowsApps;;C:\Users\edwin\AppData\Local\Programs\Microsoft VS Code\bin
USERNAME=edwin
OS=Windows_NT
PROCESSOR_IDENTIFIER=Intel64 Family 6 Model 58 Stepping 9, GenuineIntel



---------------  S Y S T E M  ---------------

OS: Windows 10.0 , 64 bit Build 18362 (10.0.18362.329)

CPU:total 4 (initial active 4) (2 cores per cpu, 2 threads per core) family 6 model 58 stepping 9, cmov, cx8, fxsr, mmx, sse, sse2, sse3, ssse3, sse4.1, sse4.2, popcnt, avx, clmul, erms, ht, tsc, tscinvbit, tscinv

Memory: 4k page, physical 16639068k(10629912k free), swap 19129436k(11917700k free)

vm_info: Java HotSpot(TM) 64-Bit Server VM (25.221-b11) for windows-amd64 JRE (1.8.0_221-b11), built on Jul  4 2019 04:39:29 by "java_re" with MS VC++ 10.0 (VS2010)

time: Tue Oct 15 19:48:25 2019
timezone: Hora estándar, América Central
elapsed time: 34 seconds (0d 0h 0m 34s)

